  Vehicle.cpp
  TimeClass.cpp
  TJunction.cpp
c:\users\deebzy97\desktop\trafficproject\trafficproject\tjunction.cpp(76): warning C4804: '<=': unsafe use of type 'bool' in operation
c:\users\deebzy97\desktop\trafficproject\trafficproject\tjunction.cpp(83): warning C4804: '<=': unsafe use of type 'bool' in operation
c:\users\deebzy97\desktop\trafficproject\trafficproject\tjunction.cpp(90): warning C4804: '<=': unsafe use of type 'bool' in operation
c:\users\deebzy97\desktop\trafficproject\trafficproject\tjunction.cpp(104): warning C4804: '<=': unsafe use of type 'bool' in operation
c:\users\deebzy97\desktop\trafficproject\trafficproject\tjunction.cpp(111): warning C4804: '<=': unsafe use of type 'bool' in operation
c:\users\deebzy97\desktop\trafficproject\trafficproject\tjunction.cpp(118): warning C4804: '<=': unsafe use of type 'bool' in operation
c:\users\deebzy97\desktop\trafficproject\trafficproject\tjunction.cpp(132): warning C4804: '<=': unsafe use of type 'bool' in operation
c:\users\deebzy97\desktop\trafficproject\trafficproject\tjunction.cpp(139): warning C4804: '<=': unsafe use of type 'bool' in operation
c:\users\deebzy97\desktop\trafficproject\trafficproject\tjunction.cpp(146): warning C4804: '<=': unsafe use of type 'bool' in operation
c:\users\deebzy97\desktop\trafficproject\trafficproject\tjunction.cpp(160): warning C4804: '<=': unsafe use of type 'bool' in operation
c:\users\deebzy97\desktop\trafficproject\trafficproject\tjunction.cpp(167): warning C4804: '<=': unsafe use of type 'bool' in operation
c:\users\deebzy97\desktop\trafficproject\trafficproject\tjunction.cpp(174): warning C4804: '<=': unsafe use of type 'bool' in operation
  Road.cpp
  Generating Code...
c:\users\deebzy97\desktop\trafficproject\trafficproject\vehicle.cpp(305): warning C4715: 'Vehicle::checkNextBox': not all control paths return a value
  Compiling...
  main.cpp
  Car.cpp
  Generating Code...
  Skipping... (no relevant changes detected)
  Map.cpp
  Junction.cpp
  Box.cpp
  TrafficProject.vcxproj -> C:\Users\Deebzy97\Desktop\TrafficProject\Debug\TrafficProject.exe
  TrafficProject.vcxproj -> C:\Users\Deebzy97\Desktop\TrafficProject\Debug\TrafficProject.pdb (Full PDB)
